0 info it worked if it ends with ok
1 verbose cli [ '/Users/eholladay/.nvm/versions/node/v6.11.0/bin/node',
1 verbose cli   '/Users/eholladay/.nvm/versions/node/v6.11.0/bin/npm',
1 verbose cli   'run',
1 verbose cli   'lint' ]
2 info using npm@3.10.10
3 info using node@v6.11.0
4 verbose run-script [ 'prelint', 'lint', 'postlint' ]
5 info lifecycle js-learning@1.0.0~prelint: js-learning@1.0.0
6 silly lifecycle js-learning@1.0.0~prelint: no script for prelint, continuing
7 info lifecycle js-learning@1.0.0~lint: js-learning@1.0.0
8 verbose lifecycle js-learning@1.0.0~lint: unsafe-perm in lifecycle true
9 verbose lifecycle js-learning@1.0.0~lint: PATH: /Users/eholladay/.nvm/versions/node/v6.11.0/lib/node_modules/npm/bin/node-gyp-bin:/Users/eholladay/Documents/Projects/100-javascript-projects/js-learning/node_modules/.bin:/Users/eholladay/.nvm/versions/node/v6.11.0/bin:/usr/local/Cellar/pyenv-virtualenv/1.0.0/shims:/Users/eholladay/.pyenv/shims:/Users/eholladay/env/bin:/usr/local/Cellar/pyenv-virtualenv/1.0.0/shims:/Users/eholladay/.pyenv/shims:/Users/eholladay/.indeed-dev-tools/bin:/Users/eholladay/indeed/javadev/bin/po:/Users/eholladay/indeed/javadev/bin:/Users/eholladay/indeed/javadev/ant/bin:/Library/Java/JavaVirtualMachines/jdk1.8.0_102.jdk/Contents/Home/bin:/usr/local/opt/gnu-sed/libexec/gnubin:/usr/local/opt/coreutils/libexec/gnubin:/usr/local/sbin:/usr/local/bin:/usr/bin:/bin:/usr/sbin:/sbin:/usr/local/munki:/opt/puppetlabs/bin:/usr/local/go/bin:/Users/eholladay/go/bin
10 verbose lifecycle js-learning@1.0.0~lint: CWD: /Users/eholladay/Documents/Projects/100-javascript-projects/js-learning
11 silly lifecycle js-learning@1.0.0~lint: Args: [ '-c', 'eslint exercises --cache --quiet' ]
12 silly lifecycle js-learning@1.0.0~lint: Returned: code: 1  signal: null
13 info lifecycle js-learning@1.0.0~lint: Failed to exec lint script
14 verbose stack Error: js-learning@1.0.0 lint: `eslint exercises --cache --quiet`
14 verbose stack Exit status 1
14 verbose stack     at EventEmitter.<anonymous> (/Users/eholladay/.nvm/versions/node/v6.11.0/lib/node_modules/npm/lib/utils/lifecycle.js:255:16)
14 verbose stack     at emitTwo (events.js:106:13)
14 verbose stack     at EventEmitter.emit (events.js:191:7)
14 verbose stack     at ChildProcess.<anonymous> (/Users/eholladay/.nvm/versions/node/v6.11.0/lib/node_modules/npm/lib/utils/spawn.js:40:14)
14 verbose stack     at emitTwo (events.js:106:13)
14 verbose stack     at ChildProcess.emit (events.js:191:7)
14 verbose stack     at maybeClose (internal/child_process.js:891:16)
14 verbose stack     at Process.ChildProcess._handle.onexit (internal/child_process.js:226:5)
15 verbose pkgid js-learning@1.0.0
16 verbose cwd /Users/eholladay/Documents/Projects/100-javascript-projects/js-learning/exercises/ex-4-recursion
17 error Darwin 16.7.0
18 error argv "/Users/eholladay/.nvm/versions/node/v6.11.0/bin/node" "/Users/eholladay/.nvm/versions/node/v6.11.0/bin/npm" "run" "lint"
19 error node v6.11.0
20 error npm  v3.10.10
21 error code ELIFECYCLE
22 error js-learning@1.0.0 lint: `eslint exercises --cache --quiet`
22 error Exit status 1
23 error Failed at the js-learning@1.0.0 lint script 'eslint exercises --cache --quiet'.
23 error Make sure you have the latest version of node.js and npm installed.
23 error If you do, this is most likely a problem with the js-learning package,
23 error not with npm itself.
23 error Tell the author that this fails on your system:
23 error     eslint exercises --cache --quiet
23 error You can get information on how to open an issue for this project with:
23 error     npm bugs js-learning
23 error Or if that isn't available, you can get their info via:
23 error     npm owner ls js-learning
23 error There is likely additional logging output above.
24 verbose exit [ 1, true ]
